<?xml version="1.0" encoding="UTF-8"?>
<testng-results ignored="2" total="3" passed="1" failed="0" skipped="0">
  <reporter-output>
  </reporter-output>
  <suite started-at="2022-12-09T21:29:22 IST" name="Default suite" finished-at="2022-12-09T21:29:33 IST" duration-ms="10972">
    <groups>
    </groups>
    <test started-at="2022-12-09T21:29:22 IST" name="Default test" finished-at="2022-12-09T21:29:33 IST" duration-ms="10972">
      <class name="com.hero.testkuapp.sample_Project.ChromeInitiationTest">
        <test-method is-config="true" signature="initDriver()[pri:0, instance:com.hero.testkuapp.sample_Project.ChromeInitiationTest@6a400542]" started-at="2022-12-09T21:29:22 IST" name="initDriver" finished-at="2022-12-09T21:29:27 IST" duration-ms="4824" status="PASS">
          <reporter-output>
          </reporter-output>
        </test-method> <!-- initDriver -->
        <test-method signature="findBrokenImages()[pri:0, instance:com.hero.testkuapp.sample_Project.ChromeInitiationTest@6a400542]" started-at="2022-12-09T21:29:27 IST" name="findBrokenImages" finished-at="2022-12-09T21:29:33 IST" duration-ms="6011" status="PASS">
          <reporter-output>
          </reporter-output>
        </test-method> <!-- findBrokenImages -->
        <test-method is-config="true" signature="quitBrowser()[pri:0, instance:com.hero.testkuapp.sample_Project.ChromeInitiationTest@6a400542]" started-at="2022-12-09T21:29:33 IST" name="quitBrowser" finished-at="2022-12-09T21:29:33 IST" duration-ms="108" status="PASS">
          <reporter-output>
          </reporter-output>
        </test-method> <!-- quitBrowser -->
      </class> <!-- com.hero.testkuapp.sample_Project.ChromeInitiationTest -->
    </test> <!-- Default test -->
  </suite> <!-- Default suite -->
</testng-results>
