<?xml version="1.0" encoding="UTF-8"?>
<testng-results ignored="7" total="9" passed="2" failed="0" skipped="0">
  <reporter-output>
  </reporter-output>
  <suite started-at="2022-12-10T21:13:39 IST" name="Suite" finished-at="2022-12-10T21:13:49 IST" duration-ms="9924">
    <groups>
    </groups>
    <test started-at="2022-12-10T21:13:39 IST" name="DayTwoTaskTest" finished-at="2022-12-10T21:13:46 IST" duration-ms="6612">
      <class name="com.hero.testkuapp.sample_Project.DayTwoTaskTest">
        <test-method is-config="true" signature="initDriver()[pri:0, instance:com.hero.testkuapp.sample_Project.DayTwoTaskTest@740773a3]" started-at="2022-12-10T21:13:39 IST" name="initDriver" finished-at="2022-12-10T21:13:41 IST" duration-ms="1643" status="PASS">
          <reporter-output>
          </reporter-output>
        </test-method> <!-- initDriver -->
        <test-method signature="downloadTheFile()[pri:0, instance:com.hero.testkuapp.sample_Project.DayTwoTaskTest@740773a3]" started-at="2022-12-10T21:13:41 IST" name="downloadTheFile" finished-at="2022-12-10T21:13:46 IST" duration-ms="4835" status="PASS">
          <reporter-output>
          </reporter-output>
        </test-method> <!-- downloadTheFile -->
        <test-method is-config="true" signature="closeDriver()[pri:0, instance:com.hero.testkuapp.sample_Project.DayTwoTaskTest@740773a3]" started-at="2022-12-10T21:13:46 IST" name="closeDriver" finished-at="2022-12-10T21:13:46 IST" duration-ms="115" status="PASS">
          <reporter-output>
          </reporter-output>
        </test-method> <!-- closeDriver -->
      </class> <!-- com.hero.testkuapp.sample_Project.DayTwoTaskTest -->
    </test> <!-- DayTwoTaskTest -->
    <test started-at="2022-12-10T21:13:39 IST" name="ChromeInitiationTestCase" finished-at="2022-12-10T21:13:49 IST" duration-ms="9924">
      <class name="com.hero.testkuapp.sample_Project.ChromeInitiationTest">
        <test-method is-config="true" signature="initDriver()[pri:0, instance:com.hero.testkuapp.sample_Project.ChromeInitiationTest@192c3f1e]" started-at="2022-12-10T21:13:39 IST" name="initDriver" finished-at="2022-12-10T21:13:44 IST" duration-ms="5379" status="PASS">
          <reporter-output>
          </reporter-output>
        </test-method> <!-- initDriver -->
        <test-method signature="findBrokenImages()[pri:0, instance:com.hero.testkuapp.sample_Project.ChromeInitiationTest@192c3f1e]" started-at="2022-12-10T21:13:44 IST" name="findBrokenImages" finished-at="2022-12-10T21:13:49 IST" duration-ms="4409" status="PASS">
          <reporter-output>
          </reporter-output>
        </test-method> <!-- findBrokenImages -->
        <test-method is-config="true" signature="quitBrowser()[pri:0, instance:com.hero.testkuapp.sample_Project.ChromeInitiationTest@192c3f1e]" started-at="2022-12-10T21:13:49 IST" name="quitBrowser" finished-at="2022-12-10T21:13:49 IST" duration-ms="128" status="PASS">
          <reporter-output>
          </reporter-output>
        </test-method> <!-- quitBrowser -->
      </class> <!-- com.hero.testkuapp.sample_Project.ChromeInitiationTest -->
    </test> <!-- ChromeInitiationTestCase -->
  </suite> <!-- Suite -->
</testng-results>
