<?xml version="1.0" encoding="UTF-8"?>
<!-- Generated by org.testng.reporters.JUnitXMLReporter -->
<testsuite ignored="2" hostname="Sagars-MacBook-Air.local" failures="0" tests="1" name="Default test" time="10.972" errors="0" timestamp="2022-12-09T21:29:38 IST">
  <testcase classname="com.hero.testkuapp.sample_Project.ChromeInitiationTest" name="findBrokenImages" time="6.011"/>
  <testcase classname="com.hero.testkuapp.sample_Project.ChromeInitiationTest" name="clickOnElement" time="0.0">
    <ignored/>
  </testcase> <!-- clickOnElement -->
  <testcase classname="com.hero.testkuapp.sample_Project.ChromeInitiationTest" name="valiadteAuthentication" time="0.0">
    <ignored/>
  </testcase> <!-- valiadteAuthentication -->
</testsuite> <!-- Default test -->
