<?xml version="1.0" encoding="UTF-8"?>
<!-- Generated by org.testng.reporters.JUnitXMLReporter -->
<testsuite ignored="5" hostname="Sagars-MacBook-Air.local" failures="0" tests="1" name="Default test" time="6.494" errors="0" timestamp="2022-12-10T21:03:02 IST">
  <testcase classname="com.hero.testkuapp.sample_Project.DayTwoTaskTest" name="downloadTheFile" time="4.743"/>
  <testcase classname="com.hero.testkuapp.sample_Project.DayTwoTaskTest" name="validateCheckBox" time="0.0">
    <ignored/>
  </testcase> <!-- validateCheckBox -->
  <testcase classname="com.hero.testkuapp.sample_Project.DayTwoTaskTest" name="validateDragAndDrop" time="0.0">
    <ignored/>
  </testcase> <!-- validateDragAndDrop -->
  <testcase classname="com.hero.testkuapp.sample_Project.DayTwoTaskTest" name="getJavaScriptAlert" time="0.0">
    <ignored/>
  </testcase> <!-- getJavaScriptAlert -->
  <testcase classname="com.hero.testkuapp.sample_Project.DayTwoTaskTest" name="selectValidOption" time="0.0">
    <ignored/>
  </testcase> <!-- selectValidOption -->
  <testcase classname="com.hero.testkuapp.sample_Project.DayTwoTaskTest" name="closeEntryAdd" time="0.0">
    <ignored/>
  </testcase> <!-- closeEntryAdd -->
</testsuite> <!-- Default test -->
