<?xml version="1.0" encoding="UTF-8"?>
<!-- Generated by org.testng.reporters.JUnitXMLReporter -->
<testsuite ignored="2" hostname="Sagars-MacBook-Air.local" failures="0" tests="1" name="ChromeInitiationTestCase" time="9.924" errors="0" timestamp="2022-12-10T21:13:54 IST">
  <testcase classname="com.hero.testkuapp.sample_Project.ChromeInitiationTest" name="findBrokenImages" time="4.409"/>
  <testcase classname="com.hero.testkuapp.sample_Project.ChromeInitiationTest" name="clickOnElement" time="0.0">
    <ignored/>
  </testcase> <!-- clickOnElement -->
  <testcase classname="com.hero.testkuapp.sample_Project.ChromeInitiationTest" name="valiadteAuthentication" time="0.0">
    <ignored/>
  </testcase> <!-- valiadteAuthentication -->
</testsuite> <!-- ChromeInitiationTestCase -->
